[debug] [2022-11-16T14:52:19.366Z] ----------------------------------------------------------------------
[debug] [2022-11-16T14:52:19.370Z] Command:       C:\Program Files\nodejs\node.exe C:\Users\JaiShivom\AppData\Roaming\npm\node_modules\firebase-tools\lib\bin\firebase.js init
[debug] [2022-11-16T14:52:19.371Z] CLI Version:   11.16.1
[debug] [2022-11-16T14:52:19.371Z] Platform:      win32
[debug] [2022-11-16T14:52:19.371Z] Node Version:  v16.15.0
[debug] [2022-11-16T14:52:19.373Z] Time:          Wed Nov 16 2022 20:22:19 GMT+0530 (India Standard Time)
[debug] [2022-11-16T14:52:19.373Z] ----------------------------------------------------------------------
[debug] 
[debug] [2022-11-16T14:52:19.386Z] > command requires scopes: ["email","openid","https://www.googleapis.com/auth/cloudplatformprojects.readonly","https://www.googleapis.com/auth/firebase","https://www.googleapis.com/auth/cloud-platform"]
[debug] [2022-11-16T14:52:19.387Z] > authorizing via signed-in user (invinciblebhaavya@gmail.com)
[info] 
     ######## #### ########  ######## ########     ###     ######  ########
     ##        ##  ##     ## ##       ##     ##  ##   ##  ##       ##
     ######    ##  ########  ######   ########  #########  ######  ######
     ##        ##  ##    ##  ##       ##     ## ##     ##       ## ##
     ##       #### ##     ## ######## ########  ##     ##  ######  ########

You're about to initialize a Firebase project in this directory:

  G:\Client_Data_App\shivam_products

[debug] [2022-11-16T14:59:47.369Z] ----------------------------------------------------------------------
[debug] [2022-11-16T14:59:47.372Z] Command:       C:\Program Files\nodejs\node.exe C:\Users\JaiShivom\AppData\Roaming\npm\node_modules\firebase-tools\lib\bin\firebase.js init
[debug] [2022-11-16T14:59:47.373Z] CLI Version:   11.16.1
[debug] [2022-11-16T14:59:47.374Z] Platform:      win32
[debug] [2022-11-16T14:59:47.374Z] Node Version:  v16.15.0
[debug] [2022-11-16T14:59:47.375Z] Time:          Wed Nov 16 2022 20:29:47 GMT+0530 (India Standard Time)
[debug] [2022-11-16T14:59:47.376Z] ----------------------------------------------------------------------
[debug] 
[debug] [2022-11-16T14:59:47.389Z] > command requires scopes: ["email","openid","https://www.googleapis.com/auth/cloudplatformprojects.readonly","https://www.googleapis.com/auth/firebase","https://www.googleapis.com/auth/cloud-platform"]
[debug] [2022-11-16T14:59:47.390Z] > authorizing via signed-in user (invinciblebhaavya@gmail.com)
[info] 
     ######## #### ########  ######## ########     ###     ######  ########
     ##        ##  ##     ## ##       ##     ##  ##   ##  ##       ##
     ######    ##  ########  ######   ########  #########  ######  ######
     ##        ##  ##    ##  ##       ##     ## ##     ##       ## ##
     ##       #### ##     ## ######## ########  ##     ##  ######  ########

You're about to initialize a Firebase project in this directory:

  G:\Client_Data_App\shivam_products

[info] 
=== Project Setup
[info] 
[info] First, let's associate this project directory with a Firebase project.
[info] You can create multiple project aliases by running firebase use --add, 
[info] but for now we'll just set up a default project.
[info] 
[debug] [2022-11-16T15:02:21.885Z] >>> [apiv2][query] GET https://firebase.googleapis.com/v1beta1/projects pageSize=100
[debug] [2022-11-16T15:02:22.910Z] <<< [apiv2][status] GET https://firebase.googleapis.com/v1beta1/projects 200
[debug] [2022-11-16T15:02:22.911Z] <<< [apiv2][body] GET https://firebase.googleapis.com/v1beta1/projects [omitted]
[info] i  Using project client-data-app-e37b2 (Client Data App) 
[info] 
=== Firestore Setup
[debug] [2022-11-16T15:02:26.246Z] >>> [apiv2][query] GET https://serviceusage.googleapis.com/v1/projects/client-data-app-e37b2/services/firestore.googleapis.com [none]
[debug] [2022-11-16T15:02:26.246Z] >>> [apiv2][(partial)header] GET https://serviceusage.googleapis.com/v1/projects/client-data-app-e37b2/services/firestore.googleapis.com x-goog-quota-user=projects/client-data-app-e37b2
[debug] [2022-11-16T15:02:28.132Z] <<< [apiv2][status] GET https://serviceusage.googleapis.com/v1/projects/client-data-app-e37b2/services/firestore.googleapis.com 200
[debug] [2022-11-16T15:02:28.133Z] <<< [apiv2][body] GET https://serviceusage.googleapis.com/v1/projects/client-data-app-e37b2/services/firestore.googleapis.com [omitted]
[debug] [2022-11-16T15:02:28.135Z] >>> [apiv2][query] GET https://appengine.googleapis.com/v1/apps/client-data-app-e37b2 [none]
[debug] [2022-11-16T15:02:28.534Z] <<< [apiv2][status] GET https://appengine.googleapis.com/v1/apps/client-data-app-e37b2 200
[debug] [2022-11-16T15:02:28.535Z] <<< [apiv2][body] GET https://appengine.googleapis.com/v1/apps/client-data-app-e37b2 {"name":"apps/client-data-app-e37b2","id":"client-data-app-e37b2","authDomain":"gmail.com","locationId":"asia-south1","codeBucket":"staging.client-data-app-e37b2.appspot.com","servingStatus":"SERVING","defaultHostname":"client-data-app-e37b2.el.r.appspot.com","defaultBucket":"client-data-app-e37b2.appspot.com","serviceAccount":"client-data-app-e37b2@appspot.gserviceaccount.com","gcrDomain":"asia.gcr.io","databaseType":"CLOUD_FIRESTORE","featureSettings":{"splitHealthChecks":true,"useContainerOptimizedOs":true}}
[debug] [2022-11-16T15:02:28.535Z] database_type: CLOUD_FIRESTORE
[debug] [2022-11-16T15:02:28.536Z] > command requires scopes: ["email","openid","https://www.googleapis.com/auth/cloudplatformprojects.readonly","https://www.googleapis.com/auth/firebase","https://www.googleapis.com/auth/cloud-platform"]
[debug] [2022-11-16T15:02:28.537Z] > authorizing via signed-in user (invinciblebhaavya@gmail.com)
[debug] [2022-11-16T15:02:28.537Z] [iam] checking project client-data-app-e37b2 for permissions ["firebase.projects.get"]
[debug] [2022-11-16T15:02:28.539Z] >>> [apiv2][query] POST https://cloudresourcemanager.googleapis.com/v1/projects/client-data-app-e37b2:testIamPermissions [none]
[debug] [2022-11-16T15:02:28.539Z] >>> [apiv2][(partial)header] POST https://cloudresourcemanager.googleapis.com/v1/projects/client-data-app-e37b2:testIamPermissions x-goog-quota-user=projects/client-data-app-e37b2
[debug] [2022-11-16T15:02:28.540Z] >>> [apiv2][body] POST https://cloudresourcemanager.googleapis.com/v1/projects/client-data-app-e37b2:testIamPermissions {"permissions":["firebase.projects.get"]}
[debug] [2022-11-16T15:02:30.278Z] <<< [apiv2][status] POST https://cloudresourcemanager.googleapis.com/v1/projects/client-data-app-e37b2:testIamPermissions 200
[debug] [2022-11-16T15:02:30.279Z] <<< [apiv2][body] POST https://cloudresourcemanager.googleapis.com/v1/projects/client-data-app-e37b2:testIamPermissions {"permissions":["firebase.projects.get"]}
[info] 
[info] Firestore Security Rules allow you to define how and when to allow
[info] requests. You can keep these rules in your project directory
[info] and publish them with firebase deploy.
[info] 
[debug] [2022-11-16T15:05:34.172Z] ----------------------------------------------------------------------
[debug] [2022-11-16T15:05:34.176Z] Command:       C:\Program Files\nodejs\node.exe C:\Users\JaiShivom\AppData\Roaming\npm\node_modules\firebase-tools\lib\bin\firebase.js init
[debug] [2022-11-16T15:05:34.177Z] CLI Version:   11.16.1
[debug] [2022-11-16T15:05:34.177Z] Platform:      win32
[debug] [2022-11-16T15:05:34.177Z] Node Version:  v16.15.0
[debug] [2022-11-16T15:05:34.179Z] Time:          Wed Nov 16 2022 20:35:34 GMT+0530 (India Standard Time)
[debug] [2022-11-16T15:05:34.179Z] ----------------------------------------------------------------------
[debug] 
[debug] [2022-11-16T15:05:34.192Z] > command requires scopes: ["email","openid","https://www.googleapis.com/auth/cloudplatformprojects.readonly","https://www.googleapis.com/auth/firebase","https://www.googleapis.com/auth/cloud-platform"]
[debug] [2022-11-16T15:05:34.193Z] > authorizing via signed-in user (invinciblebhaavya@gmail.com)
[info] 
     ######## #### ########  ######## ########     ###     ######  ########
     ##        ##  ##     ## ##       ##     ##  ##   ##  ##       ##
     ######    ##  ########  ######   ########  #########  ######  ######
     ##        ##  ##    ##  ##       ##     ## ##     ##       ## ##
     ##       #### ##     ## ######## ########  ##     ##  ######  ########

You're about to initialize a Firebase project in this directory:

  G:\Client_Data_App\shivam_products

[info] 
=== Project Setup
[info] 
[info] First, let's associate this project directory with a Firebase project.
[info] You can create multiple project aliases by running firebase use --add, 
[info] but for now we'll just set up a default project.
[info] 
[debug] [2022-11-16T15:05:48.300Z] >>> [apiv2][query] GET https://firebase.googleapis.com/v1beta1/projects pageSize=100
[debug] [2022-11-16T15:05:49.469Z] <<< [apiv2][status] GET https://firebase.googleapis.com/v1beta1/projects 200
[debug] [2022-11-16T15:05:49.470Z] <<< [apiv2][body] GET https://firebase.googleapis.com/v1beta1/projects [omitted]
[info] i  Using project client-data-app-e37b2 (Client Data App) 
[info] 
=== Hosting Setup
[info] 
[info] Your public directory is the folder (relative to your project directory) that
[info] will contain Hosting assets to be uploaded with firebase deploy. If you
[info] have a build process for your assets, use your build's output directory.
[info] 
[debug] [2022-11-16T15:07:23.616Z] >>> [apiv2][query] GET https://www.gstatic.com/firebasejs/releases.json [none]
[debug] [2022-11-16T15:07:23.807Z] <<< [apiv2][status] GET https://www.gstatic.com/firebasejs/releases.json 200
[debug] [2022-11-16T15:07:23.807Z] <<< [apiv2][body] GET https://www.gstatic.com/firebasejs/releases.json {"current":{"version":"9.14.0","browserURL":"https://www.gstatic.com/firebasejs/9.14.0/firebase.js","packageURL":"https://www.gstatic.com/firebasejs/9.14.0/firebase.tgz"},"live":{"version":"9.14","browserURL":"https://www.gstatic.com/firebasejs/live/9.14/firebase.js","packageURL":"https://www.gstatic.com/firebasejs/live/9.14/firebase.tgz"},"components":{"analytics":"https://www.gstatic.com/firebasejs/9.14.0/firebase-analytics.js","app":"https://www.gstatic.com/firebasejs/9.14.0/firebase-app.js","app-check":"https://www.gstatic.com/firebasejs/9.14.0/firebase-app-check.js","auth":"https://www.gstatic.com/firebasejs/9.14.0/firebase-auth.js","auth/cordova":"https://www.gstatic.com/firebasejs/9.14.0/firebase-auth/cordova.js","auth/react-native":"https://www.gstatic.com/firebasejs/9.14.0/firebase-auth/react-native.js","functions":"https://www.gstatic.com/firebasejs/9.14.0/firebase-functions.js","firestore":"https://www.gstatic.com/firebasejs/9.14.0/firebase-firestore.js","firestore/lite":"https://www.gstatic.com/firebasejs/9.14.0/firebase-firestore/lite.js","installations":"https://www.gstatic.com/firebasejs/9.14.0/firebase-installations.js","storage":"https://www.gstatic.com/firebasejs/9.14.0/firebase-storage.js","performance":"https://www.gstatic.com/firebasejs/9.14.0/firebase-performance.js","remote-config":"https://www.gstatic.com/firebasejs/9.14.0/firebase-remote-config.js","messaging":"https://www.gstatic.com/firebasejs/9.14.0/firebase-messaging.js","messaging/sw":"https://www.gstatic.com/firebasejs/9.14.0/firebase-messaging/sw.js","database":"https://www.gstatic.com/firebasejs/9.14.0/firebase-database.js","firestore.memory":"https://www.gstatic.com/firebasejs/9.14.0/firebase-firestore.memory.js"}}
[info] i  Skipping write of build/index.html 
[info] 
[info] i  Detected a .git folder at G:\Client_Data_App\shivam_products 
[info] i  Authorizing with GitHub to upload your service account to a GitHub repository's secrets store. 
[info] 
[info] Visit this URL on this device to log in:
[info] https://github.com/login/oauth/authorize?client_id=89cf50f02ac6aaed3484&state=841828537&redirect_uri=http%3A%2F%2Flocalhost%3A9005&scope=read%3Auser%20repo%20public_repo
[info] 
[info] Waiting for authentication...
[debug] [2022-11-16T15:08:37.286Z] >>> [apiv2][query] POST https://github.com/login/oauth/access_token [none]
[debug] [2022-11-16T15:08:37.287Z] >>> [apiv2][body] POST https://github.com/login/oauth/access_token [stream]
[debug] [2022-11-16T15:08:37.762Z] <<< [apiv2][status] POST https://github.com/login/oauth/access_token 200
[debug] [2022-11-16T15:08:37.763Z] <<< [apiv2][body] POST https://github.com/login/oauth/access_token {"access_token":"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","token_type":"bearer","scope":"read:user,repo"}
[debug] [2022-11-16T15:08:37.792Z] >>> [apiv2][query] GET https://api.github.com/user [none]
[debug] [2022-11-16T15:08:38.236Z] <<< [apiv2][status] GET https://api.github.com/user 200
[debug] [2022-11-16T15:08:38.237Z] <<< [apiv2][body] GET https://api.github.com/user {"login":"Bhaavya18","id":53914778,"node_id":"MDQ6VXNlcjUzOTE0Nzc4","avatar_url":"https://avatars.githubusercontent.com/u/53914778?v=4","gravatar_id":"","url":"https://api.github.com/users/Bhaavya18","html_url":"https://github.com/Bhaavya18","followers_url":"https://api.github.com/users/Bhaavya18/followers","following_url":"https://api.github.com/users/Bhaavya18/following{/other_user}","gists_url":"https://api.github.com/users/Bhaavya18/gists{/gist_id}","starred_url":"https://api.github.com/users/Bhaavya18/starred{/owner}{/repo}","subscriptions_url":"https://api.github.com/users/Bhaavya18/subscriptions","organizations_url":"https://api.github.com/users/Bhaavya18/orgs","repos_url":"https://api.github.com/users/Bhaavya18/repos","events_url":"https://api.github.com/users/Bhaavya18/events{/privacy}","received_events_url":"https://api.github.com/users/Bhaavya18/received_events","type":"User","site_admin":false,"name":null,"company":null,"blog":"","location":null,"email":null,"hireable":null,"bio":null,"twitter_username":null,"public_repos":11,"public_gists":0,"followers":1,"following":1,"created_at":"2019-08-08T18:05:31Z","updated_at":"2022-11-05T07:56:05Z","private_gists":0,"total_private_repos":0,"owned_private_repos":0,"disk_usage":196109,"collaborators":0,"two_factor_authentication":false,"plan":{"name":"free","space":976562499,"collaborators":0,"private_repos":10000}}
[info] 
[info] +  Success! Logged into GitHub as Bhaavya18 
[info] 
